
ROM used: 63 (6%)
          63 (6%) including unused fragments

          0 Average locations per line
          5 Average locations per statement

RAM used: 6 (9%) at main() level
          7 (10%) worst case

Stack used: 1 worst case (out of 8 total available)

Lines Stmts  %   Files
----- ----- ---  -----
   28    13 100  buzzer.c
   10     0   0  buzzer.h
  113     0   0  ..\..\..\..\Program Files\PICC\devices\16F84A.h
----- -----
  151    13 Total

Page ROM  %  RAM   Vol Diff  Functions:
---- --- --- ---   --- ----  ----------
0     21  33   1             @delay_ms1
0     38  60   1   287  3.3  main

Program metrics:
    Functions               1
    Statements              13
    Comments                38
    Volume (V)              290
    Difficilty (D)          3.1
    Effort to implement (E) 908
    Time to implement (T)   1 minutes
    Est Delivered Bugs (B)  0
    Cyclomatic Complexity   1
    Maintainability (MI)    94

 Segment     Used  Free
-----------  ----  ----
00000-00003     4  0  
00004-003FF    59  961  



THE FOLLOWING IS TEMPORARY FOR DIAGNOSTIC USE ONLY:

    n1    n2    N1    N2   v(G)
     0     1     0     0     0    @delay_ms1
     7    28    30    26     0    main
