
ROM used: 62 (6%)
          62 (6%) including unused fragments

          0 Average locations per line
          6 Average locations per statement

RAM used: 6 (9%) at main() level
          7 (10%) worst case

Stack used: 1 worst case (out of 8 total available)

Lines Stmts  %   Files
----- ----- ---  -----
   27    11 100  condicion.c
   10     0   0  condicion.h
  113     0   0  ..\..\..\..\..\..\..\Program Files\PICC\devices\16F84A.h
----- -----
  150    11 Total

Page ROM  %  RAM   Vol Diff  Functions:
---- --- --- ---   --- ----  ----------
0     21  34   1             @delay_ms1
0     37  60   1   172  2.6  main

Program metrics:
    Functions               1
    Statements              11
    Comments                42
    Volume (V)              174
    Difficilty (D)          2.5
    Effort to implement (E) 436
    Time to implement (T)   0 minutes
    Est Delivered Bugs (B)  0
    Cyclomatic Complexity   1
    Maintainability (MI)    76

 Segment     Used  Free
-----------  ----  ----
00000-00003     4  0  
00004-003FF    58  962  



THE FOLLOWING IS TEMPORARY FOR DIAGNOSTIC USE ONLY:

    n1    n2    N1    N2   v(G)
     0     1     0     0     0    @delay_ms1
     6    17    23    15     1    main
