
ROM used: 81 (8%)
          81 (8%) including unused fragments

          1 Average locations per line
          8 Average locations per statement

RAM used: 17 (25%) at main() level
          18 (26%) worst case

Stack used: 1 worst case (out of 8 total available)

Lines Stmts  %   Files
----- ----- ---  -----
   23    10 100  vector.c
   10     0   0  vector.h
  113     0   0  ..\..\..\..\Program Files\PICC\devices\16F84A.h
----- -----
  146    10 Total

Page ROM  %  RAM   Vol Diff  Functions:
---- --- --- ---   --- ----  ----------
0     21  26   1             @delay_ms1
0     56  69   1   190  3.6  main

Program metrics:
    Functions               1
    Statements              10
    Comments                35
    Volume (V)              192
    Difficilty (D)          3.4
    Effort to implement (E) 654
    Time to implement (T)   1 minutes
    Est Delivered Bugs (B)  0
    Cyclomatic Complexity   1
    Maintainability (MI)    119

 Segment     Used  Free
-----------  ----  ----
00000-00003     4  0  
00004-003FF    77  943  



THE FOLLOWING IS TEMPORARY FOR DIAGNOSTIC USE ONLY:

    n1    n2    N1    N2   v(G)
     0     1     0     0     0    @delay_ms1
     8    19    23    17     0    main
