
ROM used: 199 (19%)
          199 (19%) including unused fragments

          1 Average locations per line
          6 Average locations per statement

RAM used: 6 (9%) at main() level
          7 (10%) worst case

Stack used: 1 worst case (out of 8 total available)

Lines Stmts  %   Files
----- ----- ---  -----
   44    33 100  siete.c
   10     0   0  siete.h
  113     0   0  ..\..\..\..\Program Files\PICC\devices\16F84A.h
----- -----
  167    33 Total

Page ROM  %  RAM   Vol Diff  Functions:
---- --- --- ---   --- ----  ----------
0     21  11   1             @delay_ms1
0    174  87   1   812  2.4  main

Program metrics:
    Functions               1
    Statements              33
    Comments                52
    Volume (V)              814
    Difficilty (D)          2.4
    Effort to implement (E) 1945
    Time to implement (T)   2 minutes
    Est Delivered Bugs (B)  0
    Cyclomatic Complexity   1
    Maintainability (MI)    30

 Segment     Used  Free
-----------  ----  ----
00000-00003     4  0  
00004-003FF   195  825  



THE FOLLOWING IS TEMPORARY FOR DIAGNOSTIC USE ONLY:

    n1    n2    N1    N2   v(G)
     0     1     0     0     0    @delay_ms1
     5    66    68    64     0    main
